<?xml version="1.0" encoding="UTF-8"?>
<!-- Generated by org.testng.reporters.JUnitReportReporter -->
<testsuite hostname="Sastu" failures="0" tests="1" name="testcase.TC_002_AccountLoginTest" time="12.033" errors="0" timestamp="2023-09-15T14:17:39 IST" skipped="0">
  <testcase classname="testcase.TC_002_AccountLoginTest" name="Login_test" time="12.033"/>
</testsuite> <!-- testcase.TC_002_AccountLoginTest -->
